<?xml version="1.0" encoding="UTF-8"?>
<coverage generated="1515427138835" clover="3.2.0">
  <project timestamp="1515427138835" name="All files">
    <metrics statements="23" coveredstatements="21" conditionals="4" coveredconditionals="2" methods="6" coveredmethods="6" elements="33" coveredelements="29" complexity="0" loc="23" ncloc="23" packages="1" files="1" classes="1">
      <file name="01_aquarium.js" path="/Users/Julien/Workspace/camp2_exercises/06_react_redux/01_es6_fundamentals/01_aquarium/01_aquarium.js">
        <metrics statements="23" coveredstatements="21" conditionals="4" coveredconditionals="2" methods="6" coveredmethods="6"/>
        <line num="3" count="8" type="stmt"/>
        <line num="4" count="8" type="stmt"/>
        <line num="5" count="8" type="stmt"/>
        <line num="11" count="5" type="stmt"/>
        <line num="12" count="5" type="stmt"/>
        <line num="13" count="5" type="stmt"/>
        <line num="16" count="1" type="stmt"/>
        <line num="19" count="1" type="stmt"/>
        <line num="22" count="1" type="stmt"/>
        <line num="23" count="1" type="stmt"/>
        <line num="24" count="1" type="stmt"/>
        <line num="25" count="12" type="cond" truecount="1" falsecount="1"/>
        <line num="26" count="0" type="stmt"/>
        <line num="27" count="12" type="cond" truecount="1" falsecount="1"/>
        <line num="28" count="0" type="stmt"/>
        <line num="36" count="4" type="stmt"/>
        <line num="40" count="1" type="stmt"/>
        <line num="41" count="1" type="stmt"/>
        <line num="42" count="1" type="stmt"/>
        <line num="43" count="1" type="stmt"/>
        <line num="44" count="1" type="stmt"/>
        <line num="47" count="1" type="stmt"/>
        <line num="53" count="1" type="stmt"/>
      </file>
    </metrics>
  </project>
</coverage>
