{"/Users/Julien/Workspace/camp2_exercises/06_react_redux/01_es6_fundamentals/01_aquarium/01_aquarium.js": {"path":"/Users/Julien/Workspace/camp2_exercises/06_react_redux/01_es6_fundamentals/01_aquarium/01_aquarium.js","statementMap":{"0":{"start":{"line":3,"column":4},"end":{"line":3,"column":21}},"1":{"start":{"line":4,"column":4},"end":{"line":4,"column":19}},"2":{"start":{"line":5,"column":4},"end":{"line":5,"column":25}},"3":{"start":{"line":11,"column":4},"end":{"line":11,"column":26}},"4":{"start":{"line":12,"column":4},"end":{"line":12,"column":48}},"5":{"start":{"line":13,"column":4},"end":{"line":13,"column":27}},"6":{"start":{"line":16,"column":4},"end":{"line":16,"column":27}},"7":{"start":{"line":19,"column":4},"end":{"line":19,"column":28}},"8":{"start":{"line":22,"column":27},"end":{"line":22,"column":29}},"9":{"start":{"line":23,"column":23},"end":{"line":23,"column":25}},"10":{"start":{"line":24,"column":4},"end":{"line":30,"column":5}},"11":{"start":{"line":25,"column":6},"end":{"line":29,"column":7}},"12":{"start":{"line":26,"column":8},"end":{"line":26,"column":60}},"13":{"start":{"line":27,"column":13},"end":{"line":29,"column":7}},"14":{"start":{"line":28,"column":8},"end":{"line":28,"column":52}},"15":{"start":{"line":36,"column":4},"end":{"line":36,"column":25}},"16":{"start":{"line":40,"column":16},"end":{"line":40,"column":40}},"17":{"start":{"line":41,"column":20},"end":{"line":41,"column":44}},"18":{"start":{"line":42,"column":21},"end":{"line":42,"column":45}},"19":{"start":{"line":43,"column":17},"end":{"line":43,"column":30}},"20":{"start":{"line":44,"column":20},"end":{"line":44,"column":71}},"21":{"start":{"line":47,"column":0},"end":{"line":47,"column":34}},"22":{"start":{"line":53,"column":0},"end":{"line":57,"column":2}}},"fnMap":{"0":{"name":"(anonymous_0)","decl":{"start":{"line":2,"column":2},"end":{"line":2,"column":3}},"loc":{"start":{"line":2,"column":34},"end":{"line":6,"column":3}},"line":2},"1":{"name":"(anonymous_1)","decl":{"start":{"line":10,"column":2},"end":{"line":10,"column":3}},"loc":{"start":{"line":10,"column":60},"end":{"line":14,"column":3}},"line":10},"2":{"name":"(anonymous_2)","decl":{"start":{"line":15,"column":2},"end":{"line":15,"column":3}},"loc":{"start":{"line":15,"column":17},"end":{"line":17,"column":3}},"line":15},"3":{"name":"(anonymous_3)","decl":{"start":{"line":18,"column":2},"end":{"line":18,"column":3}},"loc":{"start":{"line":18,"column":19},"end":{"line":20,"column":3}},"line":18},"4":{"name":"(anonymous_4)","decl":{"start":{"line":21,"column":2},"end":{"line":21,"column":3}},"loc":{"start":{"line":21,"column":11},"end":{"line":31,"column":3}},"line":21},"5":{"name":"(anonymous_5)","decl":{"start":{"line":35,"column":2},"end":{"line":35,"column":3}},"loc":{"start":{"line":35,"column":22},"end":{"line":37,"column":3}},"line":35}},"branchMap":{"0":{"loc":{"start":{"line":25,"column":6},"end":{"line":29,"column":7}},"type":"if","locations":[{"start":{"line":25,"column":6},"end":{"line":29,"column":7}},{"start":{"line":25,"column":6},"end":{"line":29,"column":7}}],"line":25},"1":{"loc":{"start":{"line":27,"column":13},"end":{"line":29,"column":7}},"type":"if","locations":[{"start":{"line":27,"column":13},"end":{"line":29,"column":7}},{"start":{"line":27,"column":13},"end":{"line":29,"column":7}}],"line":27}},"s":{"0":8,"1":8,"2":8,"3":5,"4":5,"5":5,"6":1,"7":1,"8":1,"9":1,"10":1,"11":12,"12":0,"13":12,"14":0,"15":4,"16":1,"17":1,"18":1,"19":1,"20":1,"21":1,"22":1},"f":{"0":8,"1":5,"2":1,"3":1,"4":1,"5":4},"b":{"0":[0,12],"1":[0,12]},"_coverageSchema":"332fd63041d2c1bcb487cc26dd0d5f7d97098a6c","hash":"ed1a8fb7ea176f0503925f9b3962b818050d8bb4"}
}
