TN:
SF:/Users/Julien/Workspace/camp2_exercises/06_react_redux/01_es6_fundamentals/01_aquarium/01_aquarium.js
FN:2,(anonymous_0)
FN:10,(anonymous_1)
FN:15,(anonymous_2)
FN:18,(anonymous_3)
FN:21,(anonymous_4)
FN:35,(anonymous_5)
FNF:6
FNH:6
FNDA:8,(anonymous_0)
FNDA:5,(anonymous_1)
FNDA:1,(anonymous_2)
FNDA:1,(anonymous_3)
FNDA:1,(anonymous_4)
FNDA:4,(anonymous_5)
DA:3,8
DA:4,8
DA:5,8
DA:11,5
DA:12,5
DA:13,5
DA:16,1
DA:19,1
DA:22,1
DA:23,1
DA:24,1
DA:25,12
DA:26,0
DA:27,12
DA:28,0
DA:36,4
DA:40,1
DA:41,1
DA:42,1
DA:43,1
DA:44,1
DA:47,1
DA:53,1
LF:23
LH:21
BRDA:25,0,0,0
BRDA:25,0,1,12
BRDA:27,1,0,0
BRDA:27,1,1,12
BRF:4
BRH:2
end_of_record
