{"/Users/Julien/Workspace/camp2_exercises/06_react_redux/01_es6_fundamentals/02_spread_destructuring/02_spread_destructuring.js": {"path":"/Users/Julien/Workspace/camp2_exercises/06_react_redux/01_es6_fundamentals/02_spread_destructuring/02_spread_destructuring.js","statementMap":{"0":{"start":{"line":2,"column":18},"end":{"line":2,"column":87}},"1":{"start":{"line":3,"column":2},"end":{"line":3,"column":16}},"2":{"start":{"line":7,"column":0},"end":{"line":7,"column":18}},"3":{"start":{"line":10,"column":2},"end":{"line":14,"column":3}},"4":{"start":{"line":11,"column":4},"end":{"line":13,"column":5}},"5":{"start":{"line":12,"column":6},"end":{"line":12,"column":15}},"6":{"start":{"line":16,"column":2},"end":{"line":16,"column":12}},"7":{"start":{"line":19,"column":0},"end":{"line":19,"column":42}},"8":{"start":{"line":22,"column":2},"end":{"line":22,"column":64}},"9":{"start":{"line":25,"column":16},"end":{"line":25,"column":35}},"10":{"start":{"line":26,"column":0},"end":{"line":26,"column":36}},"11":{"start":{"line":27,"column":0},"end":{"line":27,"column":23}},"12":{"start":{"line":30,"column":2},"end":{"line":30,"column":71}},"13":{"start":{"line":35,"column":0},"end":{"line":40,"column":2}}},"fnMap":{"0":{"name":"go","decl":{"start":{"line":1,"column":9},"end":{"line":1,"column":11}},"loc":{"start":{"line":1,"column":64},"end":{"line":4,"column":1}},"line":1},"1":{"name":"lastIndexOf","decl":{"start":{"line":9,"column":9},"end":{"line":9,"column":20}},"loc":{"start":{"line":9,"column":38},"end":{"line":17,"column":1}},"line":9},"2":{"name":"replace","decl":{"start":{"line":21,"column":9},"end":{"line":21,"column":16}},"loc":{"start":{"line":21,"column":44},"end":{"line":23,"column":1}},"line":21},"3":{"name":"copyReplace","decl":{"start":{"line":29,"column":9},"end":{"line":29,"column":20}},"loc":{"start":{"line":29,"column":48},"end":{"line":31,"column":1}},"line":29}},"branchMap":{"0":{"loc":{"start":{"line":1,"column":13},"end":{"line":1,"column":22}},"type":"default-arg","locations":[{"start":{"line":1,"column":21},"end":{"line":1,"column":22}}],"line":1},"1":{"loc":{"start":{"line":1,"column":24},"end":{"line":1,"column":42}},"type":"default-arg","locations":[{"start":{"line":1,"column":37},"end":{"line":1,"column":42}}],"line":1},"2":{"loc":{"start":{"line":1,"column":44},"end":{"line":1,"column":61}},"type":"default-arg","locations":[{"start":{"line":1,"column":57},"end":{"line":1,"column":61}}],"line":1},"3":{"loc":{"start":{"line":11,"column":4},"end":{"line":13,"column":5}},"type":"if","locations":[{"start":{"line":11,"column":4},"end":{"line":13,"column":5}},{"start":{"line":11,"column":4},"end":{"line":13,"column":5}}],"line":11}},"s":{"0":2,"1":2,"2":1,"3":1,"4":0,"5":0,"6":1,"7":1,"8":1,"9":1,"10":1,"11":1,"12":0,"13":1},"f":{"0":2,"1":1,"2":1,"3":0},"b":{"0":[0],"1":[2],"2":[2],"3":[0,0]},"_coverageSchema":"332fd63041d2c1bcb487cc26dd0d5f7d97098a6c","hash":"b4b6bc2b752d481ab7773c7288094c15bd2deb08"}
}
